<?xml version="1.0" encoding="UTF-8"?>
<!-- Generated by org.testng.reporters.JUnitXMLReporter -->
<testsuite hostname="Windows7-PC" name="Default test" tests="4" failures="0" timestamp="19 Jan 2022 06:50:49 GMT" time="0.141" errors="0">
  <testcase name="div" time="0.047" classname="MavenPractise.DemoTest"/>
  <testcase name="multi" time="0.0" classname="MavenPractise.DemoTest"/>
  <testcase name="sub" time="0.0" classname="MavenPractise.DemoTest"/>
  <testcase name="sum" time="0.016" classname="MavenPractise.DemoTest"/>
</testsuite> <!-- Default test -->
